C51 COMPILER V9.60.0.0   DISPLAY                                                           06/26/2019 23:15:51 PAGE 1   


C51 COMPILER V9.60.0.0, COMPILATION OF MODULE DISPLAY
OBJECT MODULE PLACED IN .\Objects\display.obj
COMPILER INVOKED BY: D:\Program Files\Keil_v5\C51\BIN\C51.EXE display.c OPTIMIZE(8,SPEED) BROWSE DEBUG OBJECTEXTEND PRIN
                    -T(.\Listings\display.lst) TABS(2) OBJECT(.\Objects\display.obj)

line level    source

   1          #include <reg52.h>
   2          #include <intrins.h>
   3          
   4          typedef unsigned char byte;
   5          
   6          //********I/O口定义********
   7          sbit WE = P2^7;//位选，1为数据输入，0为数据锁定
   8          sbit DU = P2^6;//段选，同上
   9          
  10          //********函数声明********
  11          void display(unsigned char *);
  12          void clear(void);
  13          void delay();   //@11.0592MHz
  14          void send(unsigned char,unsigned char);
  15          
  16          /**************************************
  17          名称：display
  18          描述：在数码管上进行动态扫描显示字符
  19          参数：
  20          num   unsigned char型指针变量，所指向数组至少为8个字符
  21                目前包括0123456789，若无显示则用*代替空位
  22                可在字符后加上“.”来点亮该字符右下角“.”
  23          示例：display("2016.06.25");
  24                display("******16");
  25                display("*03.**08.*");
  26          **************************************/
  27          void display(unsigned char * num)
  28          {
  29   1        byte data i;
  30   1        byte xdata IO,datWe,offset;
  31   1        clear();
  32   1        datWe = 0xfe;
  33   1        offset = 0;//由于“.“造成的偏移量置0
  34   1        for(i = 0;i < 8;i++)
  35   1        {
  36   2          switch(*(num+i+offset))//判断所显示的数字，确定段选码
  37   2          {
  38   3            case '0': IO = 0x3F;  break;
  39   3            case '1': IO = 0x06;  break;
  40   3            case '2': IO = 0x5B;  break;
  41   3            case '3': IO = 0x4F;  break;
  42   3            case '4': IO = 0x66;  break;
  43   3            case '5': IO = 0x6D;  break;
  44   3            case '6': IO = 0x7D;  break;
  45   3            case '7': IO = 0x07;  break;
  46   3            case '8': IO = 0x7F;  break;
  47   3            case '9': IO = 0x6F;  break;
  48   3            case '*': IO = 0x00;  break;
  49   3            case 'A': IO = 0x77;  break;
  50   3            case 'a': IO = 0x77;  break;
  51   3            case 'B': IO = 0x7C;  break;
  52   3            case 'b': IO = 0x7C;  break;
  53   3            case 'C': IO = 0x39;  break;
  54   3            case 'c': IO = 0x39;  break;
C51 COMPILER V9.60.0.0   DISPLAY                                                           06/26/2019 23:15:51 PAGE 2   

  55   3            case 'D': IO = 0x5E;  break;
  56   3            case 'd': IO = 0x5E;  break;
  57   3            case 'E': IO = 0x79;  break;
  58   3            case 'e': IO = 0x79;  break;
  59   3            case 'F': IO = 0x71;  break;
  60   3            case 'f': IO = 0x71;  break;
  61   3            case 'H': IO = 0x76;  break;
  62   3            case 'h': IO = 0x76;  break;
  63   3            case 'i': IO = 0x04;  break;
  64   3            case 'L': IO = 0x38;  break;
  65   3            case 'N': IO = 0x37;  break;
  66   3            case 'n': IO = 0x37;  break;
  67   3            case 'U': IO = 0x3E;  break;
  68   3            case 'u': IO = 0x3E;  break;
  69   3            case 'O': IO = 0x5C;  break;
  70   3            case 'o': IO = 0x5C;  break;
  71   3            case 'P': IO = 0x73;  break;
  72   3            case 'p': IO = 0x73;  break;
  73   3            case 'R': IO = 0x50;  break;
  74   3            case 'r': IO = 0x50;  break;
  75   3            case '-': IO = 0x40;  break;
  76   3            default:  IO = 0x00;  break;
  77   3          }
  78   2          if(*(num+i+offset+1) == '.')
  79   2          {
  80   3            IO += 0x80;
  81   3            offset++;
  82   3          }
  83   2          send(IO,datWe);
  84   2          clear();
  85   2          datWe = _crol_(datWe,1);
  86   2        }
  87   1      }
  88          
  89          /**************************************
  90          名称：displayInt
  91          描述：在数码管上进行动态扫描显示整数
  92          参数：
  93          numInt  欲显示的整数，long int型变量，可正可负，
  94                  必须在-9999999~99999999之间，否则显示Error
  95          示例：displayInt(2301);
  96                display(-9361523);
  97                display(22336666);
  98          **************************************/
  99          
 100          void displayInt(signed long int numInt)
 101          {
 102   1        byte xdata str[] = "********";
 103   1        byte data i,flag;
 104   1        byte * pointer;
 105   1        long int num;
 106   1        pointer = str + 7;
 107   1        num = numInt;
 108   1        if(num>99999999 || num<-9999999)
 109   1        {
 110   2          display("error");
 111   2          return;
 112   2        }
 113   1        if(num<0)
 114   1        {
 115   2          flag = 1;
 116   2          num = -num;
C51 COMPILER V9.60.0.0   DISPLAY                                                           06/26/2019 23:15:51 PAGE 3   

 117   2        }
 118   1        for(i=0;i<8;i++)
 119   1        {
 120   2          byte chr;
 121   2          chr = num % 10;
 122   2          chr += '0';//将数字转换为ASCII码
 123   2          *pointer = chr;
 124   2          pointer--;
 125   2          num = num/10;
 126   2          if(num == 0)
 127   2            break;
 128   2        }
 129   1        if(flag == 1)
 130   1          *pointer = '-';
 131   1        display(str);
 132   1      }
 133          
 134          //清除数码管显示
 135          void clear()
 136          { 
 137   1        P0 = 0x00;
 138   1        DU = 1;
 139   1        DU = 0;
 140   1        delay();
 141   1        P0 = 0xff;
 142   1        WE = 1;
 143   1        WE = 0;
 144   1      }
 145          
 146          //软件延时，只用于数码管显示
 147          void delay()    //@11.0592MHz
 148          {
 149   1        unsigned char i, j;
 150   1      
 151   1        i = 2;
 152   1        j = 2;
 153   1        do
 154   1        {
 155   2          while (--j);
 156   2        } while (--i);
 157   1      }
 158          
 159          
 160          
 161          //向数码管锁存器传送数据，包括段码及位码
 162          /*****************************************
 163          参数：
 164          value 段码
 165          position 位码
 166          ******************************************/
 167          void send(unsigned char value,unsigned char position)
 168          {
 169   1        P0 = value;
 170   1        DU = 1;
 171   1        DU = 0;
 172   1        P0 = position;
 173   1        WE = 1;
 174   1        WE = 0;
 175   1        delay();
 176   1        P0 = 0xff;
 177   1        WE = 1;
 178   1        WE = 0;
C51 COMPILER V9.60.0.0   DISPLAY                                                           06/26/2019 23:15:51 PAGE 4   

 179   1      }


MODULE INFORMATION:   STATIC OVERLAYABLE
   CODE SIZE        =    800    ----
   CONSTANT SIZE    =     15    ----
   XDATA SIZE       =   ----      12
   PDATA SIZE       =   ----    ----
   DATA SIZE        =   ----      18
   IDATA SIZE       =   ----    ----
   BIT SIZE         =   ----    ----
END OF MODULE INFORMATION.


C51 COMPILATION COMPLETE.  0 WARNING(S),  0 ERROR(S)
